g:\vs\project2\project2\release\vc141.pdb
g:\vs\project2\project2\release\system_pro.obj
g:\vs\project2\project2\release\system_info.obj
g:\vs\project2\release\system_pro.exe
g:\vs\project2\release\system_pro.pdb
g:\vs\project2\release\syst.exe
g:\vs\project2\release\syst.pdb
g:\vs\project2\release\system_pro.ipdb
g:\vs\project2\release\system_pro.iobj
g:\vs\project2\release\system_info.ipdb
g:\vs\project2\release\system_info.iobj
g:\vs\project2\release\syst.ipdb
g:\vs\project2\release\syst.iobj
g:\vs\project2\project2\release\源.obj
g:\vs\project2\project2\release\project2.tlog\cl.command.1.tlog
g:\vs\project2\project2\release\project2.tlog\cl.read.1.tlog
g:\vs\project2\project2\release\project2.tlog\cl.write.1.tlog
g:\vs\project2\project2\release\project2.tlog\link.command.1.tlog
g:\vs\project2\project2\release\project2.tlog\link.read.1.tlog
g:\vs\project2\project2\release\project2.tlog\link.write.1.tlog
g:\vs\project2\project2\release\project2.tlog\project2.write.1u.tlog
