h:\vsproject\project2\project2\release\vc141.pdb
h:\vsproject\project2\project2\release\system_info.obj
h:\vsproject\project2\project2\release\system_pro.obj
h:\vsproject\project2\release\system_info.exe
h:\vsproject\project2\release\system_info.pdb
h:\vsproject\project2\release\system_pro.exe
h:\vsproject\project2\release\system_pro.pdb
h:\vsproject\project2\release\system.ipdb
h:\vsproject\project2\release\system.iobj
h:\vsproject\project2\release\system_pro.ipdb
h:\vsproject\project2\release\system_pro.iobj
h:\vsproject\project2\release\system_info.ipdb
h:\vsproject\project2\release\system_info.iobj
h:\vsproject\project2\project2\release\project2.tlog\cl.command.1.tlog
h:\vsproject\project2\project2\release\project2.tlog\cl.read.1.tlog
h:\vsproject\project2\project2\release\project2.tlog\cl.write.1.tlog
h:\vsproject\project2\project2\release\project2.tlog\link.command.1.tlog
h:\vsproject\project2\project2\release\project2.tlog\link.read.1.tlog
h:\vsproject\project2\project2\release\project2.tlog\link.write.1.tlog
h:\vsproject\project2\project2\release\project2.tlog\project2.write.1u.tlog
