title:任务管理器
key:2
--------------------------------------------
title:任务管理器
key:1
--------------------------------------------
title:任务管理器
key:3
--------------------------------------------
title:运行
key:R
--------------------------------------------
title:运行
key:Lwin
--------------------------------------------
title:
key:enter
--------------------------------------------
title:Project2 - Microsoft Visual Studio (管理员)
key:left
--------------------------------------------
title:Project2 - Microsoft Visual Studio (管理员)
key:left
--------------------------------------------
title:Project2 - Microsoft Visual Studio (管理员)
key:right
--------------------------------------------
title:Project2 - Microsoft Visual Studio (管理员)
key:Z
--------------------------------------------
title:Project2 - Microsoft Visual Studio (管理员)
key:A
--------------------------------------------
title:Project2 - Microsoft Visual Studio (管理员)
key:I
--------------------------------------------
title:Project2 - Microsoft Visual Studio (管理员)
key:1
--------------------------------------------
title:Project2 - Microsoft Visual Studio (管理员)
key:Z
--------------------------------------------
title:Project2 - Microsoft Visual Studio (管理员)
key:I
--------------------------------------------
title:Project2 - Microsoft Visual Studio (管理员)
key:J
--------------------------------------------
title:Project2 - Microsoft Visual Studio (管理员)
key:I
--------------------------------------------
title:Project2 - Microsoft Visual Studio (管理员)
key:1
--------------------------------------------
title:Project2 - Microsoft Visual Studio (管理员)
key:D
--------------------------------------------
title:Project2 - Microsoft Visual Studio (管理员)
key:I
--------------------------------------------
title:Project2 - Microsoft Visual Studio (管理员)
key:A
--------------------------------------------
title:Project2 - Microsoft Visual Studio (管理员)
key:N
--------------------------------------------
title:Project2 - Microsoft Visual Studio (管理员)
key:N
--------------------------------------------
title:Project2 - Microsoft Visual Studio (管理员)
key:1
--------------------------------------------
title:Project2 - Microsoft Visual Studio (管理员)
key:D
--------------------------------------------
title:Project2 - Microsoft Visual Studio (管理员)
key:S
--------------------------------------------
title:Project2 - Microsoft Visual Studio (管理员)
key:backspace
--------------------------------------------
title:Project2 - Microsoft Visual Studio (管理员)
key:3
--------------------------------------------
title:Project2 - Microsoft Visual Studio (管理员)
key:Y
--------------------------------------------
title:Project2 - Microsoft Visual Studio (管理员)
key:U
--------------------------------------------
title:Project2 - Microsoft Visual Studio (管理员)
key:N
--------------------------------------------
title:Project2 - Microsoft Visual Studio (管理员)
key:X
--------------------------------------------
title:Project2 - Microsoft Visual Studio (管理员)
key:1
--------------------------------------------
title:Project2 - Microsoft Visual Studio (管理员)
key:Z
--------------------------------------------
title:Project2 - Microsoft Visual Studio (管理员)
key:H
--------------------------------------------
title:Project2 - Microsoft Visual Studio (管理员)
key:U
--------------------------------------------
title:Project2 - Microsoft Visual Studio (管理员)
key:Y
--------------------------------------------
title:Project2 - Microsoft Visual Studio (管理员)
key:I
--------------------------------------------
title:Project2 - Microsoft Visual Studio (管理员)
key:1
--------------------------------------------
title:Project2 - Microsoft Visual Studio (管理员)
key:J
--------------------------------------------
title:Project2 - Microsoft Visual Studio (管理员)
key:I
--------------------------------------------
title:Project2 - Microsoft Visual Studio (管理员)
key:A
--------------------------------------------
title:Project2 - Microsoft Visual Studio (管理员)
key:N
--------------------------------------------
title:Project2 - Microsoft Visual Studio (管理员)
key:G
--------------------------------------------
title:Project2 - Microsoft Visual Studio (管理员)
key:D
--------------------------------------------
title:Project2 - Microsoft Visual Studio (管理员)
key:A
--------------------------------------------
title:Project2 - Microsoft Visual Studio (管理员)
key:I
--------------------------------------------
title:Project2 - Microsoft Visual Studio (管理员)
key:M
--------------------------------------------
title:Project2 - Microsoft Visual Studio (管理员)
key:A
--------------------------------------------
title:Project2 - Microsoft Visual Studio (管理员)
key:1
--------------------------------------------
title:Project2 - Microsoft Visual Studio (管理员)
key:Z
--------------------------------------------
title:Project2 - Microsoft Visual Studio (管理员)
key:I
--------------------------------------------
title:Project2 - Microsoft Visual Studio (管理员)
key:B
--------------------------------------------
title:Project2 - Microsoft Visual Studio (管理员)
key:A
--------------------------------------------
title:Project2 - Microsoft Visual Studio (管理员)
key:O
--------------------------------------------
title:Project2 - Microsoft Visual Studio (管理员)
key:H
--------------------------------------------
title:Project2 - Microsoft Visual Studio (管理员)
key:U
--------------------------------------------
title:Project2 - Microsoft Visual Studio (管理员)
key:1
--------------------------------------------
title:Project2 - Microsoft Visual Studio (管理员)
key:D
--------------------------------------------
title:Project2 - Microsoft Visual Studio (管理员)
key:E
--------------------------------------------
title:Project2 - Microsoft Visual Studio (管理员)
key:1
--------------------------------------------
title:Project2 - Microsoft Visual Studio (管理员)
key:B
--------------------------------------------
title:Project2 - Microsoft Visual Studio (管理员)
key:U
--------------------------------------------
title:Project2 - Microsoft Visual Studio (管理员)
key:F
--------------------------------------------
title:Project2 - Microsoft Visual Studio (管理员)
key:E
--------------------------------------------
title:Project2 - Microsoft Visual Studio (管理员)
key:N
--------------------------------------------
title:Project2 - Microsoft Visual Studio (管理员)
key:1
--------------------------------------------
title:Project2 - Microsoft Visual Studio (管理员)
key:Z
--------------------------------------------
title:Project2 - Microsoft Visual Studio (管理员)
key:H
--------------------------------------------
title:Project2 - Microsoft Visual Studio (管理员)
key:U
--------------------------------------------
title:Project2 - Microsoft Visual Studio (管理员)
key:S
--------------------------------------------
title:Project2 - Microsoft Visual Studio (管理员)
key:H
--------------------------------------------
title:Project2 - Microsoft Visual Studio (管理员)
key:I
--------------------------------------------
title:Project2 - Microsoft Visual Studio (管理员)
key:1
--------------------------------------------
title:Project2 - Microsoft Visual Studio (管理员)
key:enter
--------------------------------------------
title:Project2 - Microsoft Visual Studio (管理员)
key:F
--------------------------------------------
title:Project2 - Microsoft Visual Studio (管理员)
key:O
--------------------------------------------
title:Project2 - Microsoft Visual Studio (管理员)
key:U
--------------------------------------------
title:Project2 - Microsoft Visual Studio (管理员)
key:Z
--------------------------------------------
title:Project2 - Microsoft Visual Studio (管理员)
key:E
--------------------------------------------
title:Project2 - Microsoft Visual Studio (管理员)
key:1
--------------------------------------------
title:Project2 - Microsoft Visual Studio (管理员)
key:backspace
--------------------------------------------
title:Project2 - Microsoft Visual Studio (管理员)
key:backspace
--------------------------------------------
title:Project2 - Microsoft Visual Studio (管理员)
key:8
--------------------------------------------
title:Project2 - Microsoft Visual Studio (管理员)
key:Lshift
--------------------------------------------
title:Project2 - Microsoft Visual Studio (管理员)
key:F
--------------------------------------------
title:Project2 - Microsoft Visual Studio (管理员)
key:O
--------------------------------------------
title:Project2 - Microsoft Visual Studio (管理员)
key:U
--------------------------------------------
title:Project2 - Microsoft Visual Studio (管理员)
key:Z
--------------------------------------------
title:Project2 - Microsoft Visual Studio (管理员)
key:1
--------------------------------------------
title:Project2 - Microsoft Visual Studio (管理员)
key:T
--------------------------------------------
title:Project2 - Microsoft Visual Studio (管理员)
key:U
--------------------------------------------
title:Project2 - Microsoft Visual Studio (管理员)
key:I
--------------------------------------------
title:Project2 - Microsoft Visual Studio (管理员)
key:backspace
--------------------------------------------
title:Project2 - Microsoft Visual Studio (管理员)
key:backspace
--------------------------------------------
title:Project2 - Microsoft Visual Studio (管理员)
key:backspace
--------------------------------------------
title:Project2 - Microsoft Visual Studio (管理员)
key:Z
--------------------------------------------
title:Project2 - Microsoft Visual Studio (管理员)
key:I
--------------------------------------------
title:Project2 - Microsoft Visual Studio (管理员)
key:A
--------------------------------------------
title:Project2 - Microsoft Visual Studio (管理员)
key:N
--------------------------------------------
title:Project2 - Microsoft Visual Studio (管理员)
key:G
--------------------------------------------
title:Project2 - Microsoft Visual Studio (管理员)
key:Y
--------------------------------------------
title:Project2 - Microsoft Visual Studio (管理员)
key:A
--------------------------------------------
title:Project2 - Microsoft Visual Studio (管理员)
key:O
--------------------------------------------
title:Project2 - Microsoft Visual Studio (管理员)
key:1
--------------------------------------------
title:Project2 - Microsoft Visual Studio (管理员)
key:T
--------------------------------------------
title:Project2 - Microsoft Visual Studio (管理员)
key:U
--------------------------------------------
title:Project2 - Microsoft Visual Studio (管理员)
key:I
--------------------------------------------
title:Project2 - Microsoft Visual Studio (管理员)
key:C
--------------------------------------------
title:Project2 - Microsoft Visual Studio (管理员)
key:H
--------------------------------------------
title:Project2 - Microsoft Visual Studio (管理员)
key:U
--------------------------------------------
title:Project2 - Microsoft Visual Studio (管理员)
key:1
--------------------------------------------
title:Project2 - Microsoft Visual Studio (管理员)
key:J
--------------------------------------------
title:Project2 - Microsoft Visual Studio (管理员)
key:I
--------------------------------------------
title:Project2 - Microsoft Visual Studio (管理员)
key:N
--------------------------------------------
title:Project2 - Microsoft Visual Studio (管理员)
key:C
--------------------------------------------
title:Project2 - Microsoft Visual Studio (管理员)
key:1
--------------------------------------------
title:Project2 - Microsoft Visual Studio (管理员)
key:Z
--------------------------------------------
title:Project2 - Microsoft Visual Studio (管理员)
key:H
--------------------------------------------
title:Project2 - Microsoft Visual Studio (管理员)
key:I
--------------------------------------------
title:Project2 - Microsoft Visual Studio (管理员)
key:N
--------------------------------------------
title:Project2 - Microsoft Visual Studio (管理员)
key:1
--------------------------------------------
title:Project2 - Microsoft Visual Studio (管理员)
key:X
--------------------------------------------
title:Project2 - Microsoft Visual Studio (管理员)
key:I
--------------------------------------------
title:Project2 - Microsoft Visual Studio (管理员)
key:A
--------------------------------------------
title:Project2 - Microsoft Visual Studio (管理员)
key:N
--------------------------------------------
title:Project2 - Microsoft Visual Studio (管理员)
key:J
--------------------------------------------
title:Project2 - Microsoft Visual Studio (管理员)
key:I
--------------------------------------------
title:Project2 - Microsoft Visual Studio (管理员)
key:A
--------------------------------------------
title:Project2 - Microsoft Visual Studio (管理员)
key:N
--------------------------------------------
title:Project2 - Microsoft Visual Studio (管理员)
key:G
--------------------------------------------
title:Project2 - Microsoft Visual Studio (管理员)
key:1
--------------------------------------------
title:Project2 - Microsoft Visual Studio (管理员)
key:Z
--------------------------------------------
title:Project2 - Microsoft Visual Studio (管理员)
key:H
--------------------------------------------
title:Project2 - Microsoft Visual Studio (管理员)
key:U
--------------------------------------------
title:Project2 - Microsoft Visual Studio (管理员)
key:C
--------------------------------------------
title:Project2 - Microsoft Visual Studio (管理员)
key:E
--------------------------------------------
title:Project2 - Microsoft Visual Studio (管理员)
key:B
--------------------------------------------
title:Project2 - Microsoft Visual Studio (管理员)
key:1
--------------------------------------------
title:Project2 - Microsoft Visual Studio (管理员)
key:Z
--------------------------------------------
title:Project2 - Microsoft Visual Studio (管理员)
key:H
--------------------------------------------
title:Project2 - Microsoft Visual Studio (管理员)
key:O
--------------------------------------------
title:Project2 - Microsoft Visual Studio (管理员)
key:N
--------------------------------------------
title:Project2 - Microsoft Visual Studio (管理员)
key:G
--------------------------------------------
title:Project2 - Microsoft Visual Studio (管理员)
key:1
--------------------------------------------
title:Project2 - Microsoft Visual Studio (管理员)
key:Z
--------------------------------------------
title:Project2 - Microsoft Visual Studio (管理员)
key:I
--------------------------------------------
title:Project2 - Microsoft Visual Studio (管理员)
key:Q
--------------------------------------------
title:Project2 - Microsoft Visual Studio (管理员)
key:I
--------------------------------------------
title:Project2 - Microsoft Visual Studio (管理员)
key:D
--------------------------------------------
title:Project2 - Microsoft Visual Studio (管理员)
key:O
--------------------------------------------
title:Project2 - Microsoft Visual Studio (管理员)
key:N
--------------------------------------------
title:Project2 - Microsoft Visual Studio (管理员)
key:G
--------------------------------------------
title:Project2 - Microsoft Visual Studio (管理员)
key:1
--------------------------------------------
title:Project2 - Microsoft Visual Studio (管理员)
key:backspace
--------------------------------------------
title:Project2 - Microsoft Visual Studio (管理员)
key:backspace
--------------------------------------------
title:Project2 - Microsoft Visual Studio (管理员)
key:backspace
--------------------------------------------
title:Project2 - Microsoft Visual Studio (管理员)
key:K
--------------------------------------------
title:Project2 - Microsoft Visual Studio (管理员)
key:A
--------------------------------------------
title:Project2 - Microsoft Visual Studio (管理员)
key:J
--------------------------------------------
title:Project2 - Microsoft Visual Studio (管理员)
key:I
--------------------------------------------
title:Project2 - Microsoft Visual Studio (管理员)
key:Q
--------------------------------------------
title:Project2 - Microsoft Visual Studio (管理员)
key:backspace
--------------------------------------------
title:Project2 - Microsoft Visual Studio (管理员)
key:Z
--------------------------------------------
title:Project2 - Microsoft Visual Studio (管理员)
key:I
--------------------------------------------
title:Project2 - Microsoft Visual Studio (管理员)
key:Q
--------------------------------------------
title:Project2 - Microsoft Visual Studio (管理员)
key:I
--------------------------------------------
title:Project2 - Microsoft Visual Studio (管理员)
key:2
--------------------------------------------
title:Project2 - Microsoft Visual Studio (管理员)
key:backspace
--------------------------------------------
title:Project2 - Microsoft Visual Studio (管理员)
key:backspace
--------------------------------------------
title:Project2 - Microsoft Visual Studio (管理员)
key:backspace
--------------------------------------------
title:Project2 - Microsoft Visual Studio (管理员)
key:backspace
--------------------------------------------
title:Project2 - Microsoft Visual Studio (管理员)
key:backspace
--------------------------------------------
title:Project2 - Microsoft Visual Studio (管理员)
key:backspace
--------------------------------------------
title:Project2 - Microsoft Visual Studio (管理员)
key:K
--------------------------------------------
title:Project2 - Microsoft Visual Studio (管理员)
key:A
--------------------------------------------
title:Project2 - Microsoft Visual Studio (管理员)
key:I
--------------------------------------------
title:Project2 - Microsoft Visual Studio (管理员)
key:J
--------------------------------------------
title:Project2 - Microsoft Visual Studio (管理员)
key:I
--------------------------------------------
title:Project2 - Microsoft Visual Studio (管理员)
key:Z
--------------------------------------------
title:Project2 - Microsoft Visual Studio (管理员)
key:I
--------------------------------------------
title:Project2 - Microsoft Visual Studio (管理员)
key:Q
--------------------------------------------
title:Project2 - Microsoft Visual Studio (管理员)
key:1
--------------------------------------------
title:Project2 - Microsoft Visual Studio (管理员)
key:S
--------------------------------------------
title:Project2 - Microsoft Visual Studio (管理员)
key:H
--------------------------------------------
title:Project2 - Microsoft Visual Studio (管理员)
key:E
--------------------------------------------
title:Project2 - Microsoft Visual Studio (管理员)
key:Z
--------------------------------------------
title:Project2 - Microsoft Visual Studio (管理员)
key:H
--------------------------------------------
title:Project2 - Microsoft Visual Studio (管理员)
key:I
--------------------------------------------
title:Project2 - Microsoft Visual Studio (管理员)
key:1
--------------------------------------------
title:Project2 - Microsoft Visual Studio (管理员)
key:G
--------------------------------------------
title:Project2 - Microsoft Visual Studio (管理员)
key:U
--------------------------------------------
title:Project2 - Microsoft Visual Studio (管理员)
key:A
--------------------------------------------
title:Project2 - Microsoft Visual Studio (管理员)
key:N
--------------------------------------------
title:Project2 - Microsoft Visual Studio (管理员)
key:D
--------------------------------------------
title:Project2 - Microsoft Visual Studio (管理员)
key:I
--------------------------------------------
title:Project2 - Microsoft Visual Studio (管理员)
key:A
--------------------------------------------
title:Project2 - Microsoft Visual Studio (管理员)
key:O
--------------------------------------------
title:Project2 - Microsoft Visual Studio (管理员)
key:1
--------------------------------------------
title:Project2 - Microsoft Visual Studio (管理员)
key:Z
--------------------------------------------
title:Project2 - Microsoft Visual Studio (管理员)
key:A
--------------------------------------------
title:Project2 - Microsoft Visual Studio (管理员)
key:I
--------------------------------------------
title:Project2 - Microsoft Visual Studio (管理员)
key:2
--------------------------------------------
title:Project2 - Microsoft Visual Studio (管理员)
key:C
--------------------------------------------
title:Project2 - Microsoft Visual Studio (管理员)
key:H
--------------------------------------------
title:Project2 - Microsoft Visual Studio (管理员)
key:O
--------------------------------------------
title:Project2 - Microsoft Visual Studio (管理员)
key:N
--------------------------------------------
title:Project2 - Microsoft Visual Studio (管理员)
key:G
--------------------------------------------
title:Project2 - Microsoft Visual Studio (管理员)
key:Q
--------------------------------------------
title:Project2 - Microsoft Visual Studio (管理员)
key:I
--------------------------------------------
title:Project2 - Microsoft Visual Studio (管理员)
key:1
--------------------------------------------
title:Project2 - Microsoft Visual Studio (管理员)
key:enter
--------------------------------------------
title:Project2 - Microsoft Visual Studio (管理员)
key:left
--------------------------------------------
title:Project2 - Microsoft Visual Studio (管理员)
key:L
--------------------------------------------
title:Project2 - Microsoft Visual Studio (管理员)
key:W
--------------------------------------------
title:Project2 - Microsoft Visual Studio (管理员)
key:1
--------------------------------------------
title:Project2 - Microsoft Visual Studio (管理员)
key:8
--------------------------------------------
title:Project2 - Microsoft Visual Studio (管理员)
key:Lshift
--------------------------------------------
title:Project2 - Microsoft Visual Studio (管理员)
key:backspace
--------------------------------------------
title:Project2 - Microsoft Visual Studio (管理员)
key:backspace
--------------------------------------------
title:Project2 - Microsoft Visual Studio (管理员)
key:enter
--------------------------------------------
title:Project2 - Microsoft Visual Studio (管理员)
key:8
--------------------------------------------
title:Project2 - Microsoft Visual Studio (管理员)
key:Lshift
--------------------------------------------
title:Project2 - Microsoft Visual Studio (管理员)
key:S
--------------------------------------------
title:Project2 - Microsoft Visual Studio (管理员)
key:S
--------------------------------------------
title:Project2 - Microsoft Visual Studio (管理员)
key:S
--------------------------------------------
title:Project2 - Microsoft Visual Studio (管理员)
key:S
--------------------------------------------
title:Project2 - Microsoft Visual Studio (管理员)
key:S
--------------------------------------------
title:Project2 - Microsoft Visual Studio (管理员)
key:S
--------------------------------------------
title:Project2 - Microsoft Visual Studio (管理员)
key:S
--------------------------------------------
title:Project2 - Microsoft Visual Studio (管理员)
key:Lctrl
--------------------------------------------
title:Project2 - Microsoft Visual Studio (管理员)
key:,/>
--------------------------------------------
title:Project2 - Microsoft Visual Studio (管理员)
key:Z
--------------------------------------------
title:Project2 - Microsoft Visual Studio (管理员)
key:H
--------------------------------------------
title:Project2 - Microsoft Visual Studio (管理员)
key:E
--------------------------------------------
title:Project2 - Microsoft Visual Studio (管理员)
key:N
--------------------------------------------
title:Project2 - Microsoft Visual Studio (管理员)
key:G
--------------------------------------------
title:Project2 - Microsoft Visual Studio (管理员)
key:T
--------------------------------------------
title:Project2 - Microsoft Visual Studio (管理员)
key:I
--------------------------------------------
title:Project2 - Microsoft Visual Studio (管理员)
key:L
--------------------------------------------
title:Project2 - Microsoft Visual Studio (管理员)
key:A
--------------------------------------------
title:Project2 - Microsoft Visual Studio (管理员)
key:I
--------------------------------------------
title:Project2 - Microsoft Visual Studio (管理员)
key:J
--------------------------------------------
title:Project2 - Microsoft Visual Studio (管理员)
key:I
--------------------------------------------
title:Project2 - Microsoft Visual Studio (管理员)
key:A
--------------------------------------------
title:Project2 - Microsoft Visual Studio (管理员)
key:N
--------------------------------------------
title:Project2 - Microsoft Visual Studio (管理员)
key:G
--------------------------------------------
title:Project2 - Microsoft Visual Studio (管理员)
key:1
--------------------------------------------
title:Project2 - Microsoft Visual Studio (管理员)
key:X
--------------------------------------------
title:Project2 - Microsoft Visual Studio (管理员)
key:I
--------------------------------------------
title:Project2 - Microsoft Visual Studio (管理员)
key:A
--------------------------------------------
title:Project2 - Microsoft Visual Studio (管理员)
key:N
--------------------------------------------
title:Project2 - Microsoft Visual Studio (管理员)
key:Y
--------------------------------------------
title:Project2 - Microsoft Visual Studio (管理员)
key:backspace
--------------------------------------------
title:Project2 - Microsoft Visual Studio (管理员)
key:G
--------------------------------------------
title:Project2 - Microsoft Visual Studio (管理员)
key:Y
--------------------------------------------
title:Project2 - Microsoft Visual Studio (管理员)
key:1
--------------------------------------------
title:Project2 - Microsoft Visual Studio (管理员)
key:Q
--------------------------------------------
title:Project2 - Microsoft Visual Studio (管理员)
key:I
--------------------------------------------
title:Project2 - Microsoft Visual Studio (管理员)
key:N
--------------------------------------------
title:Project2 - Microsoft Visual Studio (管理员)
key:G
--------------------------------------------
title:Project2 - Microsoft Visual Studio (管理员)
key:C
--------------------------------------------
title:Project2 - Microsoft Visual Studio (管理员)
key:H
--------------------------------------------
title:Project2 - Microsoft Visual Studio (管理员)
key:U
--------------------------------------------
title:Project2 - Microsoft Visual Studio (管理员)
key:1
--------------------------------------------
title:Project2 - Microsoft Visual Studio (管理员)
key:backspace
--------------------------------------------
title:Project2 - Microsoft Visual Studio (管理员)
key:backspace
--------------------------------------------
title:Project2 - Microsoft Visual Studio (管理员)
key:Q
--------------------------------------------
title:Project2 - Microsoft Visual Studio (管理员)
key:I
--------------------------------------------
title:Project2 - Microsoft Visual Studio (管理员)
key:N
--------------------------------------------
title:Project2 - Microsoft Visual Studio (管理员)
key:G
--------------------------------------------
title:Project2 - Microsoft Visual Studio (管理员)
key:C
--------------------------------------------
title:Project2 - Microsoft Visual Studio (管理员)
key:H
--------------------------------------------
title:Project2 - Microsoft Visual Studio (管理员)
key:U
--------------------------------------------
title:Project2 - Microsoft Visual Studio (管理员)
key:2
--------------------------------------------
title:Project2 - Microsoft Visual Studio (管理员)
key:H
--------------------------------------------
title:Project2 - Microsoft Visual Studio (管理员)
key:A
--------------------------------------------
title:Project2 - Microsoft Visual Studio (管理员)
key:S
--------------------------------------------
title:Project2 - Microsoft Visual Studio (管理员)
key:backspace
--------------------------------------------
title:Project2 - Microsoft Visual Studio (管理员)
key:I
--------------------------------------------
title:Project2 - Microsoft Visual Studio (管理员)
key:S
--------------------------------------------
title:Project2 - Microsoft Visual Studio (管理员)
key:1
--------------------------------------------
title:Project2 - Microsoft Visual Studio (管理员)
key:H
--------------------------------------------
title:Project2 - Microsoft Visual Studio (管理员)
key:E
--------------------------------------------
title:Project2 - Microsoft Visual Studio (管理员)
key:N
--------------------------------------------
title:Project2 - Microsoft Visual Studio (管理员)
key:M
--------------------------------------------
title:Project2 - Microsoft Visual Studio (管理员)
key:F
--------------------------------------------
title:Project2 - Microsoft Visual Studio (管理员)
key:1
--------------------------------------------
title:Project2 - Microsoft Visual Studio (管理员)
key:D
--------------------------------------------
title:Project2 - Microsoft Visual Studio (管理员)
key:1
--------------------------------------------
title:Project2 - Microsoft Visual Studio (管理员)
key:G
--------------------------------------------
title:Project2 - Microsoft Visual Studio (管理员)
key:A
--------------------------------------------
title:Project2 - Microsoft Visual Studio (管理员)
key:N
--------------------------------------------
title:Project2 - Microsoft Visual Studio (管理员)
key:J
--------------------------------------------
title:Project2 - Microsoft Visual Studio (管理员)
key:backspace
--------------------------------------------
title:Project2 - Microsoft Visual Studio (管理员)
key:backspace
--------------------------------------------
title:Project2 - Microsoft Visual Studio (管理员)
key:backspace
--------------------------------------------
title:Project2 - Microsoft Visual Studio (管理员)
key:backspace
--------------------------------------------
title:Project2 - Microsoft Visual Studio (管理员)
key:backspace
--------------------------------------------
title:Project2 - Microsoft Visual Studio (管理员)
key:backspace
--------------------------------------------
title:Project2 - Microsoft Visual Studio (管理员)
key:backspace
--------------------------------------------
title:Project2 - Microsoft Visual Studio (管理员)
key:backspace
--------------------------------------------
title:Project2 - Microsoft Visual Studio (管理员)
key:backspace
--------------------------------------------
title:Project2 - Microsoft Visual Studio (管理员)
key:backspace
--------------------------------------------
title:Project2 - Microsoft Visual Studio (管理员)
key:backspace
--------------------------------------------
title:Project2 - Microsoft Visual Studio (管理员)
key:backspace
--------------------------------------------
title:Project2 - Microsoft Visual Studio (管理员)
key:backspace
--------------------------------------------
title:Project2 - Microsoft Visual Studio (管理员)
key:backspace
--------------------------------------------
title:Project2 - Microsoft Visual Studio (管理员)
key:backspace
--------------------------------------------
title:Project2 - Microsoft Visual Studio (管理员)
key:backspace
--------------------------------------------
title:Project2 - Microsoft Visual Studio (管理员)
key:backspace
--------------------------------------------
title:Project2 - Microsoft Visual Studio (管理员)
key:backspace
--------------------------------------------
title:Project2 - Microsoft Visual Studio (管理员)
key:backspace
--------------------------------------------
title:Project2 - Microsoft Visual Studio (管理员)
key:backspace
--------------------------------------------
title:Project2 - Microsoft Visual Studio (管理员)
key:backspace
--------------------------------------------
title:Project2 - Microsoft Visual Studio (管理员)
key:enter
--------------------------------------------
title:Project2 - Microsoft Visual Studio (管理员)
key:8
--------------------------------------------
title:Project2 - Microsoft Visual Studio (管理员)
key:Lshift
--------------------------------------------
title:Project2 - Microsoft Visual Studio (管理员)
key:S
--------------------------------------------
title:Project2 - Microsoft Visual Studio (管理员)
key:S
--------------------------------------------
title:Project2 - Microsoft Visual Studio (管理员)
key:Lctrl
--------------------------------------------
